{
  "stats": {
    "suites": 1,
    "tests": 1,
    "passes": 0,
    "pending": 0,
    "failures": 1,
    "start": "2025-12-18T19:05:41.370Z",
    "end": "2025-12-18T19:06:35.845Z",
    "duration": 54475,
    "testsRegistered": 1,
    "passPercent": 0,
    "pendingPercent": 0,
    "other": 0,
    "hasOther": false,
    "skipped": 0,
    "hasSkipped": false
  },
  "results": [
    {
      "uuid": "ec9c0a1f-fe19-462c-bbf5-6435f55b7dfa",
      "title": "",
      "fullFile": "cypress\\e2e\\forms\\practice-form.cy.js",
      "file": "cypress\\e2e\\forms\\practice-form.cy.js",
      "beforeHooks": [],
      "afterHooks": [],
      "tests": [],
      "suites": [
        {
          "uuid": "59f2a3c7-4752-41d2-8474-cf42763cf603",
          "title": "practice form spec test",
          "fullFile": "",
          "file": "",
          "beforeHooks": [],
          "afterHooks": [],
          "tests": [
            {
              "title": "fill,submit and verify the form",
              "fullTitle": "practice form spec test fill,submit and verify the form",
              "timedOut": null,
              "duration": 52588,
              "state": "failed",
              "speed": null,
              "pass": false,
              "fail": true,
              "pending": false,
              "context": "{\n  \"title\": \"cypress-mochawesome-reporter-screenshots\",\n  \"value\": [\n    [\n      \"\\\\forms\\\\practice-form.cy.js\\\\practice form spec test -- fill,submit and verify the form (failed).png\"\n    ]\n  ]\n}",
              "code": "cy.fillAndSubmitForm(userData);\ncy.get('.modal-content').should('be.visible');\ncy.get('td').contains('Student Name').next().should('have.text', `${userData.firstName} ${userData.lastName}`);\ncy.get('td').contains('Student Email').next().should('have.text', userData.email);\ncy.get('td').contains('Gender').next().should('have.text', userData.gender);\ncy.get('td').contains('Mobile').next().should('have.text', userData.mobile);\ncy.get('td').contains('Date of Birth').next().should('have.text', `${userData.dateOfBirth.day} ${userData.dateOfBirth.month},${userData.dateOfBirth.year}`);\ncy.get('td').contains('Subjects').next().should('have.text', userData.subjects.join(', '));\ncy.get('td').contains('Hobbies').next().should('have.text', userData.hobbies.join(', '));\ncy.get('td').contains('Picture').next().should('have.text', userData.picture);\ncy.get('td').contains('Address').next().should('have.text', userData.currentAddress);\ncy.get('td').contains('State and City').next().should('have.text', `${userData.state} ${userData.city}`);",
              "err": {
                "message": "TypeError: cy.fillAndSubmitForm is not a function",
                "estack": "TypeError: cy.fillAndSubmitForm is not a function\n    at Context.eval (webpack://cypress/./cypress/e2e/forms/practice-form.cy.js:26:7)\n    at runnable.fn (https://demoqa.com/__cypress/runner/cypress_runner.js:146300:19)\n    at callFn (https://demoqa.com/__cypress/runner/cypress_runner.js:165416:21)\n    at Runnable.run (https://demoqa.com/__cypress/runner/cypress_runner.js:165403:7)\n    at <unknown> (https://demoqa.com/__cypress/runner/cypress_runner.js:171498:30)\n    at PassThroughHandlerContext.finallyHandler (https://demoqa.com/__cypress/runner/cypress_runner.js:4042:23)\n    at PassThroughHandlerContext.tryCatcher (https://demoqa.com/__cypress/runner/cypress_runner.js:1777:23)\n    at Promise._settlePromiseFromHandler (https://demoqa.com/__cypress/runner/cypress_runner.js:1489:31)\n    at Promise._settlePromise (https://demoqa.com/__cypress/runner/cypress_runner.js:1546:18)",
                "diff": null
              },
              "uuid": "07d69908-18ea-4d7f-9118-e0c79386d166",
              "parentUUID": "59f2a3c7-4752-41d2-8474-cf42763cf603",
              "isHook": false,
              "skipped": false
            }
          ],
          "suites": [],
          "passes": [],
          "failures": [
            "07d69908-18ea-4d7f-9118-e0c79386d166"
          ],
          "pending": [],
          "skipped": [],
          "duration": 52588,
          "root": false,
          "rootEmpty": false,
          "_timeout": 2000
        }
      ],
      "passes": [],
      "failures": [],
      "pending": [],
      "skipped": [],
      "duration": 0,
      "root": true,
      "rootEmpty": true,
      "_timeout": 2000
    }
  ],
  "meta": {
    "mocha": {
      "version": "7.2.0"
    },
    "mochawesome": {
      "options": {
        "quiet": false,
        "reportFilename": "mochawesome",
        "saveHtml": false,
        "saveJson": true,
        "consoleReporter": "spec",
        "useInlineDiffs": false,
        "code": true
      },
      "version": "7.1.4"
    },
    "marge": {
      "options": {
        "id": "default",
        "charts": true,
        "reportPageTitle": "Relatório de testes",
        "embeddedScreenshots": true,
        "inlineAssets": true,
        "saveAllAttempts": false,
        "overwrite": false,
        "html": false,
        "json": true,
        "reportDir": "cypress\\reports\\html\\.jsons"
      },
      "version": "6.3.2"
    }
  }
}